<?xml version="1.0" encoding="utf-8"?><testsuites><testsuite name="pytest" errors="0" failures="0" skipped="0" tests="6" time="0.561" timestamp="2025-09-26T13:09:39.199479+02:00" hostname="OLI-OMEN"><testcase classname="bumpversion" name="FLAKE8" time="0.053" /><testcase classname="src.pyconverters_pyword.__init__" name="FLAKE8" time="0.029" /><testcase classname="src.pyconverters_pyword.md_splitter" name="FLAKE8" time="0.067" /><testcase classname="src.pyconverters_pyword.pyword" name="FLAKE8" time="0.055" /><testcase classname="tests.test_pyword" name="FLAKE8" time="0.048" /><testcase classname="tests.test_pyword" name="test_pyword" time="0.041" /></testsuite></testsuites>